[NOTICE][2]<strong>is_array() expects exactly 1 parameter, 2 given</strong>File:C:\wamp\www\blog\PHP\libs\bin\upload.class.php(75)(17-06-29 03:58:42)
,[NOTICE][2]<strong>is_array() expects exactly 1 parameter, 2 given</strong>File:C:\wamp\www\blog\PHP\libs\bin\upload.class.php(75)(17-06-29 03:58:42)
,[NOTICE][2]<strong>is_array() expects exactly 1 parameter, 2 given</strong>File:C:\wamp\www\blog\PHP\libs\bin\upload.class.php(75)(17-06-29 03:58:42)
,[NOTICE][2]<strong>is_array() expects exactly 1 parameter, 2 given</strong>File:C:\wamp\www\blog\PHP\libs\bin\upload.class.php(75)(17-06-29 03:58:42)
,[NOTICE][2]<strong>is_array() expects exactly 1 parameter, 2 given</strong>File:C:\wamp\www\blog\PHP\libs\bin\upload.class.php(75)(17-06-29 03:58:42)
,[NOTICE][2]<strong>is_array() expects exactly 1 parameter, 2 given</strong>File:C:\wamp\www\blog\PHP\libs\bin\upload.class.php(75)(17-06-29 03:58:42)
[NOTICE][8]<strong>getimagesize(): Read error!</strong>File:C:\wamp\www\blog\PHP\libs\bin\upload.class.php(75)(17-06-29 04:03:56)
,[NOTICE][8]<strong>getimagesize(): Read error!</strong>File:C:\wamp\www\blog\PHP\libs\bin\upload.class.php(75)(17-06-29 04:03:56)
,[NOTICE][8]<strong>getimagesize(): Read error!</strong>File:C:\wamp\www\blog\PHP\libs\bin\upload.class.php(75)(17-06-29 04:03:56)
,[NOTICE][8]<strong>getimagesize(): Read error!</strong>File:C:\wamp\www\blog\PHP\libs\bin\upload.class.php(75)(17-06-29 04:03:56)
[NOTICE][8]<strong>getimagesize(): Read error!</strong>File:C:\wamp\www\blog\PHP\libs\bin\upload.class.php(75)(17-06-29 04:04:36)
,[NOTICE][8]<strong>getimagesize(): Read error!</strong>File:C:\wamp\www\blog\PHP\libs\bin\upload.class.php(75)(17-06-29 04:04:36)
,[NOTICE][8]<strong>getimagesize(): Read error!</strong>File:C:\wamp\www\blog\PHP\libs\bin\upload.class.php(75)(17-06-29 04:04:36)
,[NOTICE][8]<strong>getimagesize(): Read error!</strong>File:C:\wamp\www\blog\PHP\libs\bin\upload.class.php(75)(17-06-29 04:04:36)
[NOTICE][8]<strong>Use of undefined constant is_img - assumed 'is_img'</strong>File:C:\wamp\www\blog\PHP\libs\bin\upload.class.php(88)(17-06-29 05:03:39)
,[NOTICE][8]<strong>Use of undefined constant is_img - assumed 'is_img'</strong>File:C:\wamp\www\blog\PHP\libs\bin\upload.class.php(88)(17-06-29 05:03:39)
,[NOTICE][2]<strong>move_uploaded_file(./upload/img/20170629/1498727019.jpg): failed to open stream: No such file or directory</strong>File:C:\wamp\www\blog\PHP\libs\bin\upload.class.php(84)(17-06-29 05:03:39)
,[NOTICE][2]<strong>move_uploaded_file(): Unable to move 'C:\wamp\tmp\php5184.tmp' to './upload/img/20170629/1498727019.jpg'</strong>File:C:\wamp\www\blog\PHP\libs\bin\upload.class.php(84)(17-06-29 05:03:39)
,[NOTICE][2]<strong>move_uploaded_file(./upload/img/20170629/1498727019.jpg): failed to open stream: No such file or directory</strong>File:C:\wamp\www\blog\PHP\libs\bin\upload.class.php(84)(17-06-29 05:03:39)
,[NOTICE][2]<strong>move_uploaded_file(): Unable to move 'C:\wamp\tmp\php5195.tmp' to './upload/img/20170629/1498727019.jpg'</strong>File:C:\wamp\www\blog\PHP\libs\bin\upload.class.php(84)(17-06-29 05:03:39)
,[NOTICE][2]<strong>move_uploaded_file(./upload/img/20170629/1498727019.jpg): failed to open stream: No such file or directory</strong>File:C:\wamp\www\blog\PHP\libs\bin\upload.class.php(84)(17-06-29 05:03:39)
,[NOTICE][2]<strong>move_uploaded_file(): Unable to move 'C:\wamp\tmp\php51B5.tmp' to './upload/img/20170629/1498727019.jpg'</strong>File:C:\wamp\www\blog\PHP\libs\bin\upload.class.php(84)(17-06-29 05:03:39)
,[NOTICE][2]<strong>move_uploaded_file(./upload/img/20170629/1498727019.jpg): failed to open stream: No such file or directory</strong>File:C:\wamp\www\blog\PHP\libs\bin\upload.class.php(84)(17-06-29 05:03:39)
,[NOTICE][2]<strong>move_uploaded_file(): Unable to move 'C:\wamp\tmp\php51C6.tmp' to './upload/img/20170629/1498727019.jpg'</strong>File:C:\wamp\www\blog\PHP\libs\bin\upload.class.php(84)(17-06-29 05:03:39)
[NOTICE][8]<strong>Use of undefined constant is_img - assumed 'is_img'</strong>File:C:\wamp\www\blog\PHP\libs\bin\upload.class.php(88)(17-06-29 05:10:56)
,[NOTICE][8]<strong>Use of undefined constant is_img - assumed 'is_img'</strong>File:C:\wamp\www\blog\PHP\libs\bin\upload.class.php(88)(17-06-29 05:10:56)
,[NOTICE][8]<strong>Use of undefined constant is_img - assumed 'is_img'</strong>File:C:\wamp\www\blog\PHP\libs\bin\upload.class.php(88)(17-06-29 05:10:56)
,[NOTICE][8]<strong>Use of undefined constant is_img - assumed 'is_img'</strong>File:C:\wamp\www\blog\PHP\libs\bin\upload.class.php(88)(17-06-29 05:10:56)
,[NOTICE][8]<strong>Use of undefined constant is_img - assumed 'is_img'</strong>File:C:\wamp\www\blog\PHP\libs\bin\upload.class.php(88)(17-06-29 05:10:56)
,[NOTICE][8]<strong>Use of undefined constant is_img - assumed 'is_img'</strong>File:C:\wamp\www\blog\PHP\libs\bin\upload.class.php(88)(17-06-29 05:10:56)
