[NOTICE][2]<strong>rmdir(c:/wamp/www/a/aa/aaa/aaaa/): Directory not empty</strong>File:C:\wamp\www\blog\PHP\libs\bin\dir.class.php(73)(17-06-27 08:10:13)
,[NOTICE][2]<strong>rmdir(c:/wamp/www/a/aa/aaa/): Directory not empty</strong>File:C:\wamp\www\blog\PHP\libs\bin\dir.class.php(73)(17-06-27 08:10:13)
,[NOTICE][2]<strong>rmdir(c:/wamp/www/a/aa/): Directory not empty</strong>File:C:\wamp\www\blog\PHP\libs\bin\dir.class.php(73)(17-06-27 08:10:13)
,[NOTICE][2]<strong>rmdir(c:/wamp/www/a/): Directory not empty</strong>File:C:\wamp\www\blog\PHP\libs\bin\dir.class.php(73)(17-06-27 08:10:13)
[NOTICE][2]<strong>rmdir(c:/wamp/www/a/aa/aaa/): Directory not empty</strong>File:C:\wamp\www\blog\PHP\libs\bin\dir.class.php(73)(17-06-27 08:10:17)
,[NOTICE][2]<strong>rmdir(c:/wamp/www/a/aa/): Directory not empty</strong>File:C:\wamp\www\blog\PHP\libs\bin\dir.class.php(73)(17-06-27 08:10:17)
,[NOTICE][2]<strong>rmdir(c:/wamp/www/a/): Directory not empty</strong>File:C:\wamp\www\blog\PHP\libs\bin\dir.class.php(73)(17-06-27 08:10:17)
[NOTICE][2]<strong>rmdir(c:/wamp/www/a/aa/): Directory not empty</strong>File:C:\wamp\www\blog\PHP\libs\bin\dir.class.php(73)(17-06-27 08:10:36)
,[NOTICE][2]<strong>rmdir(c:/wamp/www/a/): Directory not empty</strong>File:C:\wamp\www\blog\PHP\libs\bin\dir.class.php(73)(17-06-27 08:10:36)
[NOTICE][2]<strong>rmdir(c:/wamp/www/a/): Directory not empty</strong>File:C:\wamp\www\blog\PHP\libs\bin\dir.class.php(73)(17-06-27 08:10:39)
[NOTICE][8]<strong>Undefined variable: static</strong>File:C:\wamp\www\blog\blog\index\indexControl.class.php(5)(17-06-27 08:32:51)
[NOTICE][2]<strong>imagepng(): 11 is not a valid Image resource</strong>File:C:\wamp\www\blog\PHP\libs\bin\code.class.php(121)(17-06-27 04:25:27)
,[NOTICE][2]<strong>imagedestroy(): 11 is not a valid Image resource</strong>File:C:\wamp\www\blog\PHP\libs\bin\code.class.php(122)(17-06-27 04:25:27)
[NOTICE][2]<strong>imagepng(): 11 is not a valid Image resource</strong>File:C:\wamp\www\blog\PHP\libs\bin\code.class.php(121)(17-06-27 04:25:29)
,[NOTICE][2]<strong>imagedestroy(): 11 is not a valid Image resource</strong>File:C:\wamp\www\blog\PHP\libs\bin\code.class.php(122)(17-06-27 04:25:29)
[NOTICE][8]<strong>Undefined property: image::$watermark_on</strong>File:C:\wamp\www\blog\PHP\libs\bin\image.class.php(202)(17-06-27 08:24:01)
[NOTICE][8]<strong>Undefined property: image::$quality</strong>File:C:\wamp\www\blog\PHP\libs\bin\image.class.php(315)(17-06-27 08:32:54)
[NOTICE][2]<strong>imagejpeg(c:/wamp/www/blog/upload/img/): failed to open stream: No such file or directory</strong>File:C:\wamp\www\blog\PHP\libs\bin\image.class.php(315)(17-06-27 08:41:58)
[NOTICE][2]<strong>imagejpeg(c:/wamp/www/blog/upload/img): failed to open stream: Permission denied</strong>File:C:\wamp\www\blog\PHP\libs\bin\image.class.php(315)(17-06-27 08:43:54)
[NOTICE][2]<strong>imagejpeg(c:/wamp/www/blog/upload/img): failed to open stream: Permission denied</strong>File:C:\wamp\www\blog\PHP\libs\bin\image.class.php(315)(17-06-27 08:43:57)
[NOTICE][2]<strong>imagejpeg(C:\wamp\www\blog\PHP/upload/img/): failed to open stream: No such file or directory</strong>File:C:\wamp\www\blog\PHP\libs\bin\image.class.php(315)(17-06-27 08:44:49)
[NOTICE][2]<strong>imagejpeg(./upload/img/): failed to open stream: No such file or directory</strong>File:C:\wamp\www\blog\PHP\libs\bin\image.class.php(315)(17-06-27 08:47:46)
[NOTICE][2]<strong>imagejpeg(././upload/img/): failed to open stream: No such file or directory</strong>File:C:\wamp\www\blog\PHP\libs\bin\image.class.php(315)(17-06-27 08:48:32)
[NOTICE][2]<strong>imagejpeg(./upload/img/): failed to open stream: No such file or directory</strong>File:C:\wamp\www\blog\PHP\libs\bin\image.class.php(315)(17-06-27 08:49:38)
[NOTICE][2]<strong>imagejpeg(c:/wamp/www/blog/): failed to open stream: No such file or directory</strong>File:C:\wamp\www\blog\PHP\libs\bin\image.class.php(315)(17-06-27 08:52:04)
